=N:[UVMSource] Using sources from 'C:\Users\delga\AppData\Local\metrics-ca\dsim\20240422.0.0\uvm\1.2'
=N:[UsageMeter (2024-06-17 16:52:58 Central America Standard Time)] usage server initial connection
=N:[License] 
Licensed for Metrics Design Automation.
=N:[License] New lease granted.
Analyzing...
Elaborating...
  Top-level modules:
    $unit
    top_hvl
=W:[IneffectiveDynamicCast]:
    The following dynamic $cast cases will always be false    

    C:\Users\delga\AppData\Local\metrics-ca\dsim\20240422.0.0\uvm\1.2\src\base\uvm_callback.svh:521:9              class uvm_pkg::uvm_callbacks#(class uvm_pkg::uvm_phase,class uvm_pkg::uvm_phase_cb)    class uvm_pkg::uvm_callbacks#(class uvm_pkg::uvm_phase,class uvm_pkg::uvm_callback)    
    Included from C:\Users\delga\AppData\Local\metrics-ca\dsim\20240422.0.0\uvm\1.2\src\base\uvm_base.svh:76:12                                                                                                                                                                                  
    Included from C:\Users\delga\AppData\Local\metrics-ca\dsim\20240422.0.0\uvm\1.2\src\uvm_pkg.sv:31:12                                                                                                                                                                                         

    C:\Users\delga\AppData\Local\metrics-ca\dsim\20240422.0.0\uvm\1.2\src\base\uvm_callback.svh:671:12             class uvm_pkg::uvm_phase                                                               class uvm_pkg::uvm_report_object                                                       
    Included from C:\Users\delga\AppData\Local\metrics-ca\dsim\20240422.0.0\uvm\1.2\src\base\uvm_base.svh:76:12                                                                                                                                                                                  

    C:\Users\delga\AppData\Local\metrics-ca\dsim\20240422.0.0\uvm\1.2\src\base\uvm_callback.svh:731:10             class uvm_pkg::uvm_component                                                           class uvm_pkg::uvm_phase                                                               
    Included from C:\Users\delga\AppData\Local\metrics-ca\dsim\20240422.0.0\uvm\1.2\src\base\uvm_base.svh:76:12                                                                                                                                                                                  

    C:\Users\delga\AppData\Local\metrics-ca\dsim\20240422.0.0\uvm\1.2\src\base\uvm_callback.svh:808:10             class uvm_pkg::uvm_component                                                           class uvm_pkg::uvm_phase                                                               
    Included from C:\Users\delga\AppData\Local\metrics-ca\dsim\20240422.0.0\uvm\1.2\src\base\uvm_base.svh:76:12                                                                                                                                                                                  

  Found 4 unique specialization(s) of 4 design element(s).
Optimizing...
Building models...
PLI/VPI access: +b 
Simulation time precision is 1ns.
Linking image.so...
=N:[RootSeed] Using random seed cdfb0e4c3f5008f6048d20fbabf0baafa1bc4a08736415a7ec56fea35bd0d56e.
Using default typical min/typ/max.
=S:Begin run-time elaboration and static initialization...
UVM_INFO C:\Users\delga\AppData\Local\metrics-ca\dsim\20240422.0.0\uvm\1.2\src\base\uvm_root.svh(392) @ 0: reporter [UVM/RELNOTES] 
----------------------------------------------------------------
UVM-1.2
(C) 2007-2014 Mentor Graphics Corporation
(C) 2007-2014 Cadence Design Systems, Inc.
(C) 2006-2014 Synopsys, Inc.
(C) 2011-2013 Cypress Semiconductor Corp.
(C) 2013-2014 NVIDIA Corporation
----------------------------------------------------------------

  ***********       IMPORTANT RELEASE NOTES         ************

  You are using a version of the UVM library that has been compiled
  with `UVM_NO_DEPRECATED undefined.
  See http://www.eda.org/svdb/view.php?id=3313 for more details.

  You are using a version of the UVM library that has been compiled
  with `UVM_OBJECT_DO_NOT_NEED_CONSTRUCTOR undefined.
  See http://www.eda.org/svdb/view.php?id=3770 for more details.

      (Specify +UVM_NO_RELNOTES to turn off this notice)

=N:[dumpMXD] preparing MXD dump to 'waves.mxd'.
=N:[dump] Dump started at time 0
=N:Starting event scheduler...
UVM_FATAL @ 0: reporter [NOCOMP] No components instantiated. You must either instantiate at least one component before calling run_test or use run_test to do so. To run a test using run_test, use +UVM_TESTNAME or supply the test name in the argument to run_test(). Exiting simulation.
UVM_INFO C:\Users\delga\AppData\Local\metrics-ca\dsim\20240422.0.0\uvm\1.2\src\base\uvm_report_server.svh(847) @ 0: reporter [UVM/REPORT/SERVER] 
--- UVM Report Summary ---

** Report counts by severity
UVM_INFO :    1
UVM_WARNING :    0
UVM_ERROR :    0
UVM_FATAL :    1
** Report counts by id
[NOCOMP]     1
[UVM/RELNOTES]     1

=N:[dumpMXD] closing MXD dump
=T:Simulation terminated by $finish at time 0 (C:\Users\delga\AppData\Local\metrics-ca\dsim\20240422.0.0\uvm\1.2\src\base\uvm_root.svh:135);
Run directory: C:\Users\delga\OneDrive\Documentos\Verificacion\fpu_UVM\sim
  System timescale is 1ns / 1ns
  Metrics DSim version: 20240422.0.0 (b:R #c:0 h:d894f4c124 os:msys2_)
  Random seed: cdfb0e4c3f5008f6048d20fbabf0baafa1bc4a08736415a7ec56fea35bd0d56e
